2020-11-08 06:37:09InformationHost Created.
2020-11-08 06:37:09Information192.168.56.1
2020-11-08 06:37:09InformationNow listening on: https://localhost:5001
2020-11-08 06:37:09InformationNow listening on: http://localhost:5000
2020-11-08 06:37:09InformationApplication started. Press Ctrl+C to shut down.
2020-11-08 06:37:09InformationHosting environment: Development
2020-11-08 06:37:09InformationContent root path: C:\Users\Serge\Documents\GitHub\Saturday-Solution\Logging Code\Logging Practice Code\LoggingPractice2.0App\LoggingPractice2.0
2020-11-08 06:37:13Information
Session ID: c163be49-2e61-8e9c-d685-01c0c0105291 
Public IP: 192.168.56.1 
Privacy Page has been navigated to 11/08/2020 06:37:13
2020-11-08 06:37:15Information
Session ID: 5ae1fd93-137f-8b5d-8187-32725bf0a55e 
Public IP: 192.168.56.1 
Privacy Page has been navigated to 11/08/2020 06:37:15
2020-11-08 06:38:17Information
Session ID: 0dae7bf9-5313-29b8-3f92-ec7b3f863ec8 
Public IP: 192.168.56.1 
Privacy Page has been navigated to 11/08/2020 06:38:17
2020-11-08 06:38:47Information
Session ID: e0c488dc-b1ea-cc7b-98c8-3bfff3868891 
Public IP: 192.168.56.1 
Privacy Page has been navigated to 11/08/2020 06:38:47
2020-11-08 06:52:47InformationHost Created.
2020-11-08 06:52:47Information192.168.56.1
2020-11-08 06:52:47InformationNow listening on: https://localhost:5001
2020-11-08 06:52:47InformationNow listening on: http://localhost:5000
2020-11-08 06:52:47InformationApplication started. Press Ctrl+C to shut down.
2020-11-08 06:52:47InformationHosting environment: Development
2020-11-08 06:52:47InformationContent root path: C:\Users\Serge\Documents\GitHub\Saturday-Solution\Logging Code\Logging Practice Code\LoggingPractice2.0App\LoggingPractice2.0
2020-11-08 06:52:49Information
Session ID: 0b67a8ed-9dcc-fb6d-6305-2c4ea3ad6806 
Public IP: 192.168.56.1 
Privacy Page has been navigated to 11/08/2020 06:52:49
2020-11-08 06:52:51Information
Session ID: 1b3596c9-4b19-b463-698b-ad452e99eb01 
Public IP: 192.168.56.1 
Privacy Page has been navigated to 11/08/2020 06:52:51
2020-11-08 06:52:51Information
Session ID: d6386cdb-9569-e157-56ae-70f1bbc8a5f1 
Public IP: 192.168.56.1 
Privacy Page has been navigated to 11/08/2020 06:52:51
2020-11-08 06:52:52Information
Session ID: 83b227af-5584-a9fd-d1d3-0b15c03d10b6 
Public IP: 192.168.56.1 
Privacy Page has been navigated to 11/08/2020 06:52:52
2020-11-08 06:52:52Information
Session ID: df3b53f8-76b0-425f-069a-52fdd48f30a0 
Public IP: 192.168.56.1 
Privacy Page has been navigated to 11/08/2020 06:52:52
2020-11-08 06:52:53Information
Session ID: b2576632-b75c-8c47-3453-3e1507ffcab7 
Public IP: 192.168.56.1 
Privacy Page has been navigated to 11/08/2020 06:52:53
2020-11-08 06:52:54InformationApplication is shutting down...
2020-11-08 08:03:02InformationHost Created.
2020-11-08 08:03:02Information192.168.56.1
2020-11-08 08:03:02InformationNow listening on: https://localhost:5001
2020-11-08 08:03:02InformationNow listening on: http://localhost:5000
2020-11-08 08:03:02InformationApplication started. Press Ctrl+C to shut down.
2020-11-08 08:03:02InformationHosting environment: Development
2020-11-08 08:03:02InformationContent root path: C:\Users\Serge\Documents\GitHub\Saturday-Solution\Logging Code\Logging Practice Code\LoggingPractice2.0App\LoggingPractice2.0
2020-11-08 08:03:06Information
Session ID: 5f5714dd-54d6-dd46-0046-c7c8ce6f690b 
Public IP: 192.168.56.1 
Privacy Page has been navigated to 11/08/2020 08:03:06
2020-11-08 08:03:12InformationApplication is shutting down...
2020-11-08 08:30:08InformationHost Created.
2020-11-08 08:30:08Information192.168.56.1
2020-11-08 08:30:09InformationNow listening on: https://localhost:5001
2020-11-08 08:30:09InformationNow listening on: http://localhost:5000
2020-11-08 08:30:09InformationApplication started. Press Ctrl+C to shut down.
2020-11-08 08:30:09InformationHosting environment: Development
2020-11-08 08:30:09InformationContent root path: C:\Users\Serge\Documents\GitHub\Saturday-Solution\Logging Code\Logging Practice Code\LoggingPractice2.0App\LoggingPractice2.0
2020-11-08 08:30:13InformationYes
2020-11-08 08:30:15InformationYes
2020-11-08 08:30:17InformationApplication is shutting down...
2020-11-08 08:52:46InformationHost Created.
2020-11-08 08:52:46Information192.168.56.1
2020-11-08 08:52:46InformationNow listening on: https://localhost:5001
2020-11-08 08:52:46InformationNow listening on: http://localhost:5000
2020-11-08 08:52:46InformationApplication started. Press Ctrl+C to shut down.
2020-11-08 08:52:46InformationHosting environment: Development
2020-11-08 08:52:46InformationContent root path: C:\Users\Serge\Documents\GitHub\Saturday-Solution\Logging Code\Logging Practice Code\LoggingPractice2.0App\LoggingPractice2.0
2020-11-08 08:54:56InformationHost Created.
2020-11-08 08:54:56Information192.168.56.1
2020-11-08 08:54:56InformationNow listening on: https://localhost:5001
2020-11-08 08:54:56InformationNow listening on: http://localhost:5000
2020-11-08 08:54:56InformationApplication started. Press Ctrl+C to shut down.
2020-11-08 08:54:56InformationHosting environment: Development
2020-11-08 08:54:56InformationContent root path: C:\Users\Serge\Documents\GitHub\Saturday-Solution\Logging Code\Logging Practice Code\LoggingPractice2.0App\LoggingPractice2.0
2020-11-08 08:56:42InformationHost Created.
2020-11-08 08:56:42Information192.168.56.1
2020-11-08 08:56:42InformationNow listening on: https://localhost:5001
2020-11-08 08:56:42InformationNow listening on: http://localhost:5000
2020-11-08 08:56:42InformationApplication started. Press Ctrl+C to shut down.
2020-11-08 08:56:42InformationHosting environment: Development
2020-11-08 08:56:42InformationContent root path: C:\Users\Serge\Documents\GitHub\Saturday-Solution\Logging Code\Logging Practice Code\LoggingPractice2.0App\LoggingPractice2.0
2020-11-08 08:59:05InformationHost Created.
2020-11-08 08:59:05Information192.168.56.1
2020-11-08 08:59:06InformationNow listening on: https://localhost:5001
2020-11-08 08:59:06InformationNow listening on: http://localhost:5000
2020-11-08 08:59:06InformationApplication started. Press Ctrl+C to shut down.
2020-11-08 08:59:06InformationHosting environment: Development
2020-11-08 08:59:06InformationContent root path: C:\Users\Serge\Documents\GitHub\Saturday-Solution\Logging Code\Logging Practice Code\LoggingPractice2.0App\LoggingPractice2.0
2020-11-08 08:59:10ErrorAn unhandled exception has occurred while executing the request.   at Microsoft.Extensions.DependencyInjection.ActivatorUtilities.GetService(IServiceProvider sp, Type type, Type requiredBy, Boolean isDefaultParameterRequired)
   at lambda_method(Closure , IServiceProvider , Object[] )
   at Microsoft.AspNetCore.Mvc.RazorPages.Infrastructure.DefaultPageModelActivatorProvider.<>c__DisplayClass1_0.<CreateActivator>b__0(PageContext context)
   at Microsoft.AspNetCore.Mvc.RazorPages.Infrastructure.DefaultPageModelFactoryProvider.<>c__DisplayClass3_0.<CreateModelFactory>b__0(PageContext pageContext)
   at Microsoft.AspNetCore.Mvc.RazorPages.Infrastructure.PageActionInvoker.CreateInstance()
   at Microsoft.AspNetCore.Mvc.RazorPages.Infrastructure.PageActionInvoker.Next(State& next, Scope& scope, Object& state, Boolean& isCompleted)
   at Microsoft.AspNetCore.Mvc.RazorPages.Infrastructure.PageActionInvoker.InvokeInnerFilterAsync()
   at Microsoft.AspNetCore.Mvc.Infrastructure.ResourceInvoker.<InvokeNextResourceFilter>g__Awaited|24_0(ResourceInvoker invoker, Task lastTask, State next, Scope scope, Object state, Boolean isCompleted)
   at Microsoft.AspNetCore.Mvc.Infrastructure.ResourceInvoker.Rethrow(ResourceExecutedContextSealed context)
   at Microsoft.AspNetCore.Mvc.Infrastructure.ResourceInvoker.Next(State& next, Scope& scope, Object& state, Boolean& isCompleted)
   at Microsoft.AspNetCore.Mvc.Infrastructure.ResourceInvoker.InvokeFilterPipelineAsync()
--- End of stack trace from previous location where exception was thrown ---
   at Microsoft.AspNetCore.Mvc.Infrastructure.ResourceInvoker.<InvokeAsync>g__Awaited|17_0(ResourceInvoker invoker, Task task, IDisposable scope)
   at Microsoft.AspNetCore.Routing.EndpointMiddleware.<Invoke>g__AwaitRequestTask|6_0(Endpoint endpoint, Task requestTask, ILogger logger)
   at Microsoft.AspNetCore.Session.SessionMiddleware.Invoke(HttpContext context)
   at Microsoft.AspNetCore.Session.SessionMiddleware.Invoke(HttpContext context)
   at Microsoft.AspNetCore.Authorization.AuthorizationMiddleware.Invoke(HttpContext context)
   at Microsoft.AspNetCore.Diagnostics.DeveloperExceptionPageMiddleware.Invoke(HttpContext context)
2020-11-08 09:05:28InformationHost Created.
2020-11-08 09:05:28Information192.168.56.1
2020-11-08 09:05:28InformationNow listening on: https://localhost:5001
2020-11-08 09:05:28InformationNow listening on: http://localhost:5000
2020-11-08 09:05:28InformationApplication started. Press Ctrl+C to shut down.
2020-11-08 09:05:28InformationHosting environment: Development
2020-11-08 09:05:28InformationContent root path: C:\Users\Serge\Documents\GitHub\Saturday-Solution\Logging Code\Logging Practice Code\LoggingPractice2.0App\LoggingPractice2.0
2020-11-08 09:08:56InformationHost Created.
2020-11-08 09:08:56Information192.168.56.1
2020-11-08 09:08:57InformationNow listening on: https://localhost:5001
2020-11-08 09:08:57InformationNow listening on: http://localhost:5000
2020-11-08 09:08:57InformationApplication started. Press Ctrl+C to shut down.
2020-11-08 09:08:57InformationHosting environment: Development
2020-11-08 09:08:57InformationContent root path: C:\Users\Serge\Documents\GitHub\Saturday-Solution\Logging Code\Logging Practice Code\LoggingPractice2.0App\LoggingPractice2.0
2020-11-08 09:11:32InformationHost Created.
2020-11-08 09:11:32Information192.168.56.1
2020-11-08 09:11:33InformationNow listening on: https://localhost:5001
2020-11-08 09:11:33InformationNow listening on: http://localhost:5000
2020-11-08 09:11:33InformationApplication started. Press Ctrl+C to shut down.
2020-11-08 09:11:33InformationHosting environment: Development
2020-11-08 09:11:33InformationContent root path: C:\Users\Serge\Documents\GitHub\Saturday-Solution\Logging Code\Logging Practice Code\LoggingPractice2.0App\LoggingPractice2.0
2020-11-08 09:16:29InformationHost Created.
2020-11-08 09:16:29Information192.168.56.1
2020-11-08 09:16:29InformationNow listening on: https://localhost:5001
2020-11-08 09:16:29InformationNow listening on: http://localhost:5000
2020-11-08 09:16:29InformationApplication started. Press Ctrl+C to shut down.
2020-11-08 09:16:29InformationHosting environment: Development
2020-11-08 09:16:29InformationContent root path: C:\Users\Serge\Documents\GitHub\Saturday-Solution\Logging Code\Logging Practice Code\LoggingPractice2.0App\LoggingPractice2.0
2020-11-08 09:16:31ErrorAn unhandled exception has occurred while executing the request.   at Microsoft.Extensions.DependencyInjection.ActivatorUtilities.GetService(IServiceProvider sp, Type type, Type requiredBy, Boolean isDefaultParameterRequired)
   at lambda_method(Closure , IServiceProvider , Object[] )
   at Microsoft.AspNetCore.Mvc.RazorPages.Infrastructure.DefaultPageModelActivatorProvider.<>c__DisplayClass1_0.<CreateActivator>b__0(PageContext context)
   at Microsoft.AspNetCore.Mvc.RazorPages.Infrastructure.DefaultPageModelFactoryProvider.<>c__DisplayClass3_0.<CreateModelFactory>b__0(PageContext pageContext)
   at Microsoft.AspNetCore.Mvc.RazorPages.Infrastructure.PageActionInvoker.CreateInstance()
   at Microsoft.AspNetCore.Mvc.RazorPages.Infrastructure.PageActionInvoker.Next(State& next, Scope& scope, Object& state, Boolean& isCompleted)
   at Microsoft.AspNetCore.Mvc.RazorPages.Infrastructure.PageActionInvoker.InvokeInnerFilterAsync()
   at Microsoft.AspNetCore.Mvc.Infrastructure.ResourceInvoker.<InvokeNextResourceFilter>g__Awaited|24_0(ResourceInvoker invoker, Task lastTask, State next, Scope scope, Object state, Boolean isCompleted)
   at Microsoft.AspNetCore.Mvc.Infrastructure.ResourceInvoker.Rethrow(ResourceExecutedContextSealed context)
   at Microsoft.AspNetCore.Mvc.Infrastructure.ResourceInvoker.Next(State& next, Scope& scope, Object& state, Boolean& isCompleted)
   at Microsoft.AspNetCore.Mvc.Infrastructure.ResourceInvoker.InvokeFilterPipelineAsync()
--- End of stack trace from previous location where exception was thrown ---
   at Microsoft.AspNetCore.Mvc.Infrastructure.ResourceInvoker.<InvokeAsync>g__Awaited|17_0(ResourceInvoker invoker, Task task, IDisposable scope)
   at Microsoft.AspNetCore.Routing.EndpointMiddleware.<Invoke>g__AwaitRequestTask|6_0(Endpoint endpoint, Task requestTask, ILogger logger)
   at Microsoft.AspNetCore.Session.SessionMiddleware.Invoke(HttpContext context)
   at Microsoft.AspNetCore.Session.SessionMiddleware.Invoke(HttpContext context)
   at Microsoft.AspNetCore.Authorization.AuthorizationMiddleware.Invoke(HttpContext context)
   at Microsoft.AspNetCore.Diagnostics.DeveloperExceptionPageMiddleware.Invoke(HttpContext context)
2020-11-08 09:23:05InformationHost Created.
2020-11-08 09:23:05Information192.168.56.1
2020-11-08 09:23:05InformationNow listening on: https://localhost:5001
2020-11-08 09:23:05InformationNow listening on: http://localhost:5000
2020-11-08 09:23:05InformationApplication started. Press Ctrl+C to shut down.
2020-11-08 09:23:05InformationHosting environment: Development
2020-11-08 09:23:05InformationContent root path: C:\Users\Serge\Documents\GitHub\Saturday-Solution\Logging Code\Logging Practice Code\LoggingPractice2.0App\LoggingPractice2.0
2020-11-08 09:23:08ErrorAn unhandled exception has occurred while executing the request.   at Microsoft.Extensions.DependencyInjection.ActivatorUtilities.GetService(IServiceProvider sp, Type type, Type requiredBy, Boolean isDefaultParameterRequired)
   at lambda_method(Closure , IServiceProvider , Object[] )
   at Microsoft.AspNetCore.Mvc.RazorPages.Infrastructure.DefaultPageModelActivatorProvider.<>c__DisplayClass1_0.<CreateActivator>b__0(PageContext context)
   at Microsoft.AspNetCore.Mvc.RazorPages.Infrastructure.DefaultPageModelFactoryProvider.<>c__DisplayClass3_0.<CreateModelFactory>b__0(PageContext pageContext)
   at Microsoft.AspNetCore.Mvc.RazorPages.Infrastructure.PageActionInvoker.CreateInstance()
   at Microsoft.AspNetCore.Mvc.RazorPages.Infrastructure.PageActionInvoker.Next(State& next, Scope& scope, Object& state, Boolean& isCompleted)
   at Microsoft.AspNetCore.Mvc.RazorPages.Infrastructure.PageActionInvoker.InvokeInnerFilterAsync()
   at Microsoft.AspNetCore.Mvc.Infrastructure.ResourceInvoker.<InvokeNextResourceFilter>g__Awaited|24_0(ResourceInvoker invoker, Task lastTask, State next, Scope scope, Object state, Boolean isCompleted)
   at Microsoft.AspNetCore.Mvc.Infrastructure.ResourceInvoker.Rethrow(ResourceExecutedContextSealed context)
   at Microsoft.AspNetCore.Mvc.Infrastructure.ResourceInvoker.Next(State& next, Scope& scope, Object& state, Boolean& isCompleted)
   at Microsoft.AspNetCore.Mvc.Infrastructure.ResourceInvoker.InvokeFilterPipelineAsync()
--- End of stack trace from previous location where exception was thrown ---
   at Microsoft.AspNetCore.Mvc.Infrastructure.ResourceInvoker.<InvokeAsync>g__Awaited|17_0(ResourceInvoker invoker, Task task, IDisposable scope)
   at Microsoft.AspNetCore.Routing.EndpointMiddleware.<Invoke>g__AwaitRequestTask|6_0(Endpoint endpoint, Task requestTask, ILogger logger)
   at Microsoft.AspNetCore.Session.SessionMiddleware.Invoke(HttpContext context)
   at Microsoft.AspNetCore.Session.SessionMiddleware.Invoke(HttpContext context)
   at Microsoft.AspNetCore.Authorization.AuthorizationMiddleware.Invoke(HttpContext context)
   at Microsoft.AspNetCore.Diagnostics.DeveloperExceptionPageMiddleware.Invoke(HttpContext context)
2020-11-08 09:23:11InformationApplication is shutting down...
2020-11-08 09:23:58InformationHost Created.
2020-11-08 09:23:59Information192.168.56.1
2020-11-08 09:23:59InformationNow listening on: https://localhost:5001
2020-11-08 09:23:59InformationNow listening on: http://localhost:5000
2020-11-08 09:23:59InformationApplication started. Press Ctrl+C to shut down.
2020-11-08 09:23:59InformationHosting environment: Development
2020-11-08 09:23:59InformationContent root path: C:\Users\Serge\Documents\GitHub\Saturday-Solution\Logging Code\Logging Practice Code\LoggingPractice2.0App\LoggingPractice2.0
2020-11-08 09:24:01ErrorAn unhandled exception has occurred while executing the request.   at Microsoft.Extensions.DependencyInjection.ActivatorUtilities.GetService(IServiceProvider sp, Type type, Type requiredBy, Boolean isDefaultParameterRequired)
   at lambda_method(Closure , IServiceProvider , Object[] )
   at Microsoft.AspNetCore.Mvc.RazorPages.Infrastructure.DefaultPageModelActivatorProvider.<>c__DisplayClass1_0.<CreateActivator>b__0(PageContext context)
   at Microsoft.AspNetCore.Mvc.RazorPages.Infrastructure.DefaultPageModelFactoryProvider.<>c__DisplayClass3_0.<CreateModelFactory>b__0(PageContext pageContext)
   at Microsoft.AspNetCore.Mvc.RazorPages.Infrastructure.PageActionInvoker.CreateInstance()
   at Microsoft.AspNetCore.Mvc.RazorPages.Infrastructure.PageActionInvoker.Next(State& next, Scope& scope, Object& state, Boolean& isCompleted)
   at Microsoft.AspNetCore.Mvc.RazorPages.Infrastructure.PageActionInvoker.InvokeInnerFilterAsync()
   at Microsoft.AspNetCore.Mvc.Infrastructure.ResourceInvoker.<InvokeNextResourceFilter>g__Awaited|24_0(ResourceInvoker invoker, Task lastTask, State next, Scope scope, Object state, Boolean isCompleted)
   at Microsoft.AspNetCore.Mvc.Infrastructure.ResourceInvoker.Rethrow(ResourceExecutedContextSealed context)
   at Microsoft.AspNetCore.Mvc.Infrastructure.ResourceInvoker.Next(State& next, Scope& scope, Object& state, Boolean& isCompleted)
   at Microsoft.AspNetCore.Mvc.Infrastructure.ResourceInvoker.InvokeFilterPipelineAsync()
--- End of stack trace from previous location where exception was thrown ---
   at Microsoft.AspNetCore.Mvc.Infrastructure.ResourceInvoker.<InvokeAsync>g__Awaited|17_0(ResourceInvoker invoker, Task task, IDisposable scope)
   at Microsoft.AspNetCore.Routing.EndpointMiddleware.<Invoke>g__AwaitRequestTask|6_0(Endpoint endpoint, Task requestTask, ILogger logger)
   at Microsoft.AspNetCore.Session.SessionMiddleware.Invoke(HttpContext context)
   at Microsoft.AspNetCore.Session.SessionMiddleware.Invoke(HttpContext context)
   at Microsoft.AspNetCore.Authorization.AuthorizationMiddleware.Invoke(HttpContext context)
   at Microsoft.AspNetCore.Diagnostics.DeveloperExceptionPageMiddleware.Invoke(HttpContext context)
2020-11-08 09:24:20InformationApplication is shutting down...
2020-11-08 09:29:47InformationHost Created.
2020-11-08 09:29:47Information192.168.56.1
2020-11-08 09:29:47InformationNow listening on: https://localhost:5001
2020-11-08 09:29:47InformationNow listening on: http://localhost:5000
2020-11-08 09:29:47InformationApplication started. Press Ctrl+C to shut down.
2020-11-08 09:29:47InformationHosting environment: Development
2020-11-08 09:29:47InformationContent root path: C:\Users\Serge\Documents\GitHub\Saturday-Solution\Logging Code\Logging Practice Code\LoggingPractice2.0App\LoggingPractice2.0
2020-11-08 09:29:50ErrorAn unhandled exception has occurred while executing the request.   at Microsoft.Extensions.DependencyInjection.ActivatorUtilities.TryFindMatchingConstructor(Type instanceType, Type[] argumentTypes, ConstructorInfo& matchingConstructor, Nullable`1[]& parameterMap)
   at Microsoft.Extensions.DependencyInjection.ActivatorUtilities.FindApplicableConstructor(Type instanceType, Type[] argumentTypes, ConstructorInfo& matchingConstructor, Nullable`1[]& parameterMap)
   at Microsoft.Extensions.DependencyInjection.ActivatorUtilities.CreateFactory(Type instanceType, Type[] argumentTypes)
   at Microsoft.AspNetCore.Mvc.RazorPages.Infrastructure.DefaultPageModelActivatorProvider.CreateActivator(CompiledPageActionDescriptor actionDescriptor)
   at Microsoft.AspNetCore.Mvc.RazorPages.Infrastructure.DefaultPageModelFactoryProvider.CreateModelFactory(CompiledPageActionDescriptor descriptor)
   at Microsoft.AspNetCore.Mvc.RazorPages.Infrastructure.PageActionInvokerProvider.CreateCacheEntry(ActionInvokerProviderContext context, FilterItem[] cachedFilters)
   at Microsoft.AspNetCore.Mvc.RazorPages.Infrastructure.PageActionInvokerProvider.OnProvidersExecuting(ActionInvokerProviderContext context)
   at Microsoft.AspNetCore.Mvc.Infrastructure.ActionInvokerFactory.CreateInvoker(ActionContext actionContext)
   at Microsoft.AspNetCore.Mvc.Routing.ActionEndpointFactory.<>c__DisplayClass7_0.<CreateRequestDelegate>b__0(HttpContext context)
   at Microsoft.AspNetCore.Routing.EndpointMiddleware.Invoke(HttpContext httpContext)
--- End of stack trace from previous location where exception was thrown ---
   at Microsoft.AspNetCore.Session.SessionMiddleware.Invoke(HttpContext context)
   at Microsoft.AspNetCore.Session.SessionMiddleware.Invoke(HttpContext context)
   at Microsoft.AspNetCore.Authorization.AuthorizationMiddleware.Invoke(HttpContext context)
   at Microsoft.AspNetCore.Diagnostics.DeveloperExceptionPageMiddleware.Invoke(HttpContext context)
2020-11-08 09:30:07InformationHost Created.
2020-11-08 09:30:07Information192.168.56.1
2020-11-08 09:30:07InformationNow listening on: https://localhost:5001
2020-11-08 09:30:07InformationNow listening on: http://localhost:5000
2020-11-08 09:30:07InformationApplication started. Press Ctrl+C to shut down.
2020-11-08 09:30:07InformationHosting environment: Development
2020-11-08 09:30:07InformationContent root path: C:\Users\Serge\Documents\GitHub\Saturday-Solution\Logging Code\Logging Practice Code\LoggingPractice2.0App\LoggingPractice2.0
2020-11-08 09:30:10InformationPrivacy page
2020-11-08 09:30:11InformationPrivacy page
2020-11-08 09:30:40InformationApplication is shutting down...
2020-11-08 09:41:19InformationHost Created.
2020-11-08 09:41:19Information192.168.56.1
2020-11-08 09:41:19InformationNow listening on: https://localhost:5001
2020-11-08 09:41:19InformationNow listening on: http://localhost:5000
2020-11-08 09:41:19InformationApplication started. Press Ctrl+C to shut down.
2020-11-08 09:41:19InformationHosting environment: Development
2020-11-08 09:41:20InformationContent root path: C:\Users\Serge\Documents\GitHub\Saturday-Solution\Logging Code\Logging Practice Code\LoggingPractice2.0App\LoggingPractice2.0
2020-11-08 09:41:22InformationPrivacy page
2020-11-08 09:41:22Warningwarning
2020-11-08 09:41:33InformationApplication is shutting down...
2020-11-08 09:44:11InformationHost Created.
2020-11-08 09:44:12Information192.168.56.1
2020-11-08 09:44:12InformationNow listening on: https://localhost:5001
2020-11-08 09:44:12InformationNow listening on: http://localhost:5000
2020-11-08 09:44:12InformationApplication started. Press Ctrl+C to shut down.
2020-11-08 09:44:12InformationHosting environment: Development
2020-11-08 09:44:12InformationContent root path: C:\Users\Serge\Documents\GitHub\Saturday-Solution\Logging Code\Logging Practice Code\LoggingPractice2.0App\LoggingPractice2.0
2020-11-08 09:44:14ErrorAn unhandled exception has occurred while executing the request.   at Microsoft.Extensions.DependencyInjection.ActivatorUtilities.TryFindMatchingConstructor(Type instanceType, Type[] argumentTypes, ConstructorInfo& matchingConstructor, Nullable`1[]& parameterMap)
   at Microsoft.Extensions.DependencyInjection.ActivatorUtilities.FindApplicableConstructor(Type instanceType, Type[] argumentTypes, ConstructorInfo& matchingConstructor, Nullable`1[]& parameterMap)
   at Microsoft.Extensions.DependencyInjection.ActivatorUtilities.CreateFactory(Type instanceType, Type[] argumentTypes)
   at Microsoft.AspNetCore.Mvc.RazorPages.Infrastructure.DefaultPageModelActivatorProvider.CreateActivator(CompiledPageActionDescriptor actionDescriptor)
   at Microsoft.AspNetCore.Mvc.RazorPages.Infrastructure.DefaultPageModelFactoryProvider.CreateModelFactory(CompiledPageActionDescriptor descriptor)
   at Microsoft.AspNetCore.Mvc.RazorPages.Infrastructure.PageActionInvokerProvider.CreateCacheEntry(ActionInvokerProviderContext context, FilterItem[] cachedFilters)
   at Microsoft.AspNetCore.Mvc.RazorPages.Infrastructure.PageActionInvokerProvider.OnProvidersExecuting(ActionInvokerProviderContext context)
   at Microsoft.AspNetCore.Mvc.Infrastructure.ActionInvokerFactory.CreateInvoker(ActionContext actionContext)
   at Microsoft.AspNetCore.Mvc.Routing.ActionEndpointFactory.<>c__DisplayClass7_0.<CreateRequestDelegate>b__0(HttpContext context)
   at Microsoft.AspNetCore.Routing.EndpointMiddleware.Invoke(HttpContext httpContext)
--- End of stack trace from previous location where exception was thrown ---
   at Microsoft.AspNetCore.Session.SessionMiddleware.Invoke(HttpContext context)
   at Microsoft.AspNetCore.Session.SessionMiddleware.Invoke(HttpContext context)
   at Microsoft.AspNetCore.Authorization.AuthorizationMiddleware.Invoke(HttpContext context)
   at Microsoft.AspNetCore.Diagnostics.DeveloperExceptionPageMiddleware.Invoke(HttpContext context)
2020-11-08 09:44:22InformationApplication is shutting down...
2020-11-08 09:47:35InformationHost Created.
2020-11-08 09:47:35Information192.168.56.1
2020-11-08 09:47:35InformationNow listening on: https://localhost:5001
2020-11-08 09:47:35InformationNow listening on: http://localhost:5000
2020-11-08 09:47:35InformationApplication started. Press Ctrl+C to shut down.
2020-11-08 09:47:35InformationHosting environment: Development
2020-11-08 09:47:35InformationContent root path: C:\Users\Serge\Documents\GitHub\Saturday-Solution\Logging Code\Logging Practice Code\LoggingPractice2.0App\LoggingPractice2.0
2020-11-08 09:47:38ErrorAn unhandled exception has occurred while executing the request.   at Microsoft.Extensions.DependencyInjection.ActivatorUtilities.TryFindMatchingConstructor(Type instanceType, Type[] argumentTypes, ConstructorInfo& matchingConstructor, Nullable`1[]& parameterMap)
   at Microsoft.Extensions.DependencyInjection.ActivatorUtilities.FindApplicableConstructor(Type instanceType, Type[] argumentTypes, ConstructorInfo& matchingConstructor, Nullable`1[]& parameterMap)
   at Microsoft.Extensions.DependencyInjection.ActivatorUtilities.CreateFactory(Type instanceType, Type[] argumentTypes)
   at Microsoft.AspNetCore.Mvc.RazorPages.Infrastructure.DefaultPageModelActivatorProvider.CreateActivator(CompiledPageActionDescriptor actionDescriptor)
   at Microsoft.AspNetCore.Mvc.RazorPages.Infrastructure.DefaultPageModelFactoryProvider.CreateModelFactory(CompiledPageActionDescriptor descriptor)
   at Microsoft.AspNetCore.Mvc.RazorPages.Infrastructure.PageActionInvokerProvider.CreateCacheEntry(ActionInvokerProviderContext context, FilterItem[] cachedFilters)
   at Microsoft.AspNetCore.Mvc.RazorPages.Infrastructure.PageActionInvokerProvider.OnProvidersExecuting(ActionInvokerProviderContext context)
   at Microsoft.AspNetCore.Mvc.Infrastructure.ActionInvokerFactory.CreateInvoker(ActionContext actionContext)
   at Microsoft.AspNetCore.Mvc.Routing.ActionEndpointFactory.<>c__DisplayClass7_0.<CreateRequestDelegate>b__0(HttpContext context)
   at Microsoft.AspNetCore.Routing.EndpointMiddleware.Invoke(HttpContext httpContext)
--- End of stack trace from previous location where exception was thrown ---
   at Microsoft.AspNetCore.Session.SessionMiddleware.Invoke(HttpContext context)
   at Microsoft.AspNetCore.Session.SessionMiddleware.Invoke(HttpContext context)
   at Microsoft.AspNetCore.Authorization.AuthorizationMiddleware.Invoke(HttpContext context)
   at Microsoft.AspNetCore.Diagnostics.DeveloperExceptionPageMiddleware.Invoke(HttpContext context)
2020-11-08 09:50:33InformationHost Created.
2020-11-08 09:50:33Information192.168.56.1
2020-11-08 09:50:34InformationNow listening on: https://localhost:5001
2020-11-08 09:50:34InformationNow listening on: http://localhost:5000
2020-11-08 09:50:34InformationApplication started. Press Ctrl+C to shut down.
2020-11-08 09:50:34InformationHosting environment: Development
2020-11-08 09:50:34InformationContent root path: C:\Users\Serge\Documents\GitHub\Saturday-Solution\Logging Code\Logging Practice Code\LoggingPractice2.0App\LoggingPractice2.0
2020-11-08 09:50:37ErrorAn unhandled exception has occurred while executing the request.   at Microsoft.Extensions.DependencyInjection.ActivatorUtilities.TryFindMatchingConstructor(Type instanceType, Type[] argumentTypes, ConstructorInfo& matchingConstructor, Nullable`1[]& parameterMap)
   at Microsoft.Extensions.DependencyInjection.ActivatorUtilities.FindApplicableConstructor(Type instanceType, Type[] argumentTypes, ConstructorInfo& matchingConstructor, Nullable`1[]& parameterMap)
   at Microsoft.Extensions.DependencyInjection.ActivatorUtilities.CreateFactory(Type instanceType, Type[] argumentTypes)
   at Microsoft.AspNetCore.Mvc.RazorPages.Infrastructure.DefaultPageModelActivatorProvider.CreateActivator(CompiledPageActionDescriptor actionDescriptor)
   at Microsoft.AspNetCore.Mvc.RazorPages.Infrastructure.DefaultPageModelFactoryProvider.CreateModelFactory(CompiledPageActionDescriptor descriptor)
   at Microsoft.AspNetCore.Mvc.RazorPages.Infrastructure.PageActionInvokerProvider.CreateCacheEntry(ActionInvokerProviderContext context, FilterItem[] cachedFilters)
   at Microsoft.AspNetCore.Mvc.RazorPages.Infrastructure.PageActionInvokerProvider.OnProvidersExecuting(ActionInvokerProviderContext context)
   at Microsoft.AspNetCore.Mvc.Infrastructure.ActionInvokerFactory.CreateInvoker(ActionContext actionContext)
   at Microsoft.AspNetCore.Mvc.Routing.ActionEndpointFactory.<>c__DisplayClass7_0.<CreateRequestDelegate>b__0(HttpContext context)
   at Microsoft.AspNetCore.Routing.EndpointMiddleware.Invoke(HttpContext httpContext)
--- End of stack trace from previous location where exception was thrown ---
   at Microsoft.AspNetCore.Session.SessionMiddleware.Invoke(HttpContext context)
   at Microsoft.AspNetCore.Session.SessionMiddleware.Invoke(HttpContext context)
   at Microsoft.AspNetCore.Authorization.AuthorizationMiddleware.Invoke(HttpContext context)
   at Microsoft.AspNetCore.Diagnostics.DeveloperExceptionPageMiddleware.Invoke(HttpContext context)
2020-11-08 09:54:39InformationHost Created.
2020-11-08 09:54:39Information192.168.56.1
2020-11-08 09:54:40InformationNow listening on: https://localhost:5001
2020-11-08 09:54:40InformationNow listening on: http://localhost:5000
2020-11-08 09:54:40InformationApplication started. Press Ctrl+C to shut down.
2020-11-08 09:54:40InformationHosting environment: Development
2020-11-08 09:54:40InformationContent root path: C:\Users\Serge\Documents\GitHub\Saturday-Solution\Logging Code\Logging Practice Code\LoggingPractice2.0App\LoggingPractice2.0
2020-11-08 09:54:42InformationPrivacy page
2020-11-08 09:54:42Warningwarning
2020-11-08 09:54:44InformationPrivacy page
2020-11-08 09:54:44Warningwarning
2020-11-08 09:54:44InformationPrivacy page
2020-11-08 09:54:44Warningwarning
2020-11-08 09:54:44InformationPrivacy page
2020-11-08 09:54:44Warningwarning
2020-11-08 09:54:46InformationApplication is shutting down...
